app/build/outputs/logs/manifest-merger-debug-report.txt
-- Merging decision tree log ---
manifest
ADDED from src\main\AndroidManifest.xml:9:1-52:12
	package
		ADDED from src\main\AndroidManifest.xml:10:5-41
		INJECTED from src\main\AndroidManifest.xml
		INJECTED from src\main\AndroidManifest.xml
	android:versionName
		INJECTED from src\main\AndroidManifest.xml
		INJECTED from src\main\AndroidManifest.xml
	xmlns:android
		ADDED from src\main\AndroidManifest.xml:9:11-69
	android:versionCode
		INJECTED from src\main\AndroidManifest.xml
		INJECTED from src\main\AndroidManifest.xml
uses-permission#android.permission.INTERNET
ADDED from src\main\AndroidManifest.xml:12:5-67
	android:name
		ADDED from src\main\AndroidManifest.xml:12:22-64
uses-permission#android.permission.READ_EXTERNAL_STORAGE
ADDED from src\main\AndroidManifest.xml:13:5-80
	android:name
		ADDED from src\main\AndroidManifest.xml:13:22-77
uses-permission#android.permission.WRITE_EXTERNAL_STORAGE
ADDED from src\main\AndroidManifest.xml:14:5-81
	android:name
		ADDED from src\main\AndroidManifest.xml:14:22-78
application
ADDED from src\main\AndroidManifest.xml:16:5-50:19
MERGED from [com.android.support:design:24.2.1] AndroidManifest.xml:22:5-20
MERGED from [com.android.support:support-v4:24.2.1] AndroidManifest.xml:25:5-20
MERGED from [com.android.support:support-compat:24.2.1] AndroidManifest.xml:25:5-20
MERGED from [com.android.support:support-media-compat:24.2.1] AndroidManifest.xml:25:5-20
MERGED from [com.android.support:support-core-utils:24.2.1] AndroidManifest.xml:25:5-20
MERGED from [com.android.support:support-core-ui:24.2.1] AndroidManifest.xml:25:5-20
MERGED from [com.android.support:support-fragment:24.2.1] AndroidManifest.xml:25:5-20
MERGED from [com.android.support:appcompat-v7:24.2.1] AndroidManifest.xml:25:5-20
MERGED from [com.android.support:support-vector-drawable:24.2.1] AndroidManifest.xml:23:5-20
MERGED from [com.android.support:animated-vector-drawable:24.2.1] AndroidManifest.xml:22:5-20
MERGED from [com.android.support:cardview-v7:24.2.1] AndroidManifest.xml:22:5-20
MERGED from [RangoliProject:facebook-android-sdk-4.17.0:unspecified] AndroidManifest.xml:28:5-38:19
MERGED from [com.android.volley:volley:1.0.0] AndroidManifest.xml:9:5-20
	android:label
		ADDED from src\main\AndroidManifest.xml:20:9-41
	xmlns:tools
		ADDED from src\main\AndroidManifest.xml:16:18-64
	android:allowBackup
		ADDED from src\main\AndroidManifest.xml:18:9-35
	android:icon
		ADDED from src\main\AndroidManifest.xml:19:9-43
	android:largeHeap
		ADDED from src\main\AndroidManifest.xml:21:9-33
	android:theme
		ADDED from src\main\AndroidManifest.xml:22:9-40
	android:name
		ADDED from src\main\AndroidManifest.xml:17:9-50
meta-data#com.facebook.sdk.ApplicationId
ADDED from src\main\AndroidManifest.xml:24:9-26:55
	android:value
		ADDED from src\main\AndroidManifest.xml:26:13-52
	android:name
		ADDED from src\main\AndroidManifest.xml:25:13-58
activity#com.malviya.rangoliproject.activity.MainActivity
ADDED from src\main\AndroidManifest.xml:28:9-59
	android:name
		ADDED from src\main\AndroidManifest.xml:28:19-56
activity#com.malviya.rangoliproject.activity.FullScreenViewActivity
ADDED from src\main\AndroidManifest.xml:29:9-69
	android:name
		ADDED from src\main\AndroidManifest.xml:29:19-66
activity#com.malviya.rangoliproject.activity.FlowerRangoliMainActivity
ADDED from src\main\AndroidManifest.xml:30:9-72
	android:name
		ADDED from src\main\AndroidManifest.xml:30:19-69
activity#com.malviya.rangoliproject.activity.FlowerRangoliFullScreenActivity
ADDED from src\main\AndroidManifest.xml:31:9-78
	android:name
		ADDED from src\main\AndroidManifest.xml:31:19-75
activity#com.malviya.rangoliproject.activity.DotRangoliFullScreenActivity
ADDED from src\main\AndroidManifest.xml:32:9-75
	android:name
		ADDED from src\main\AndroidManifest.xml:32:19-72
activity#com.malviya.rangoliproject.activity.DotRangoliMainActivity
ADDED from src\main\AndroidManifest.xml:33:9-69
	android:name
		ADDED from src\main\AndroidManifest.xml:33:19-66
activity#com.malviya.rangoliproject.activity.FestivalSpecialRangoliFullScreenActivity
ADDED from src\main\AndroidManifest.xml:34:9-87
	android:name
		ADDED from src\main\AndroidManifest.xml:34:19-84
activity#com.malviya.rangoliproject.activity.FestivalSpecialRangoliMainActivity
ADDED from src\main\AndroidManifest.xml:35:9-40:20
	android:name
		ADDED from src\main\AndroidManifest.xml:35:19-78
intent-filter#android.intent.action.MAIN+android.intent.category.LAUNCHER
ADDED from src\main\AndroidManifest.xml:36:13-39:29
action#android.intent.action.MAIN
ADDED from src\main\AndroidManifest.xml:37:17-69
	android:name
		ADDED from src\main\AndroidManifest.xml:37:25-66
category#android.intent.category.LAUNCHER
ADDED from src\main\AndroidManifest.xml:38:17-77
	android:name
		ADDED from src\main\AndroidManifest.xml:38:27-74
activity#com.malviya.rangoliproject.main.GameCanvas
ADDED from src\main\AndroidManifest.xml:42:9-44:61
	android:screenOrientation
		ADDED from src\main\AndroidManifest.xml:44:13-49
	android:name
		ADDED from src\main\AndroidManifest.xml:43:13-44
provider#com.facebook.FacebookContentProvider
ADDED from src\main\AndroidManifest.xml:46:9-49:39
	android:authorities
		ADDED from src\main\AndroidManifest.xml:48:13-90
	android:exported
		ADDED from src\main\AndroidManifest.xml:49:13-36
	android:name
		ADDED from src\main\AndroidManifest.xml:47:13-64
uses-sdk
INJECTED from src\main\AndroidManifest.xml reason: use-sdk injection requested
MERGED from [com.android.support:design:24.2.1] AndroidManifest.xml:20:5-43
MERGED from [com.android.support:support-v4:24.2.1] AndroidManifest.xml:21:5-23:54
MERGED from [com.android.support:support-compat:24.2.1] AndroidManifest.xml:21:5-23:58
MERGED from [com.android.support:support-media-compat:24.2.1] AndroidManifest.xml:21:5-23:63
MERGED from [com.android.support:support-core-utils:24.2.1] AndroidManifest.xml:21:5-23:61
MERGED from [com.android.support:support-core-ui:24.2.1] AndroidManifest.xml:21:5-23:58
MERGED from [com.android.support:support-fragment:24.2.1] AndroidManifest.xml:21:5-23:60
MERGED from [com.android.support:appcompat-v7:24.2.1] AndroidManifest.xml:21:5-23:78
MERGED from [com.android.support:support-vector-drawable:24.2.1] AndroidManifest.xml:21:5-43
MERGED from [com.android.support:animated-vector-drawable:24.2.1] AndroidManifest.xml:20:5-44
MERGED from [com.android.support:recyclerview-v7:24.2.1] AndroidManifest.xml:20:5-43
MERGED from [com.android.support:cardview-v7:24.2.1] AndroidManifest.xml:20:5-43
MERGED from [RangoliProject:facebook-android-sdk-4.17.0:unspecified] AndroidManifest.xml:24:5-26:41
MERGED from [com.android.volley:volley:1.0.0] AndroidManifest.xml:7:5-43
	tools:overrideLibrary
		ADDED from [com.android.support:support-v4:24.2.1] AndroidManifest.xml:23:9-51
	android:targetSdkVersion
		INJECTED from src\main\AndroidManifest.xml
		INJECTED from src\main\AndroidManifest.xml
	android:minSdkVersion
		INJECTED from src\main\AndroidManifest.xml
		INJECTED from src\main\AndroidManifest.xml
activity#com.facebook.FacebookActivity
ADDED from [RangoliProject:facebook-android-sdk-4.17.0:unspecified] AndroidManifest.xml:29:9-32:66
	android:configChanges
		ADDED from [RangoliProject:facebook-android-sdk-4.17.0:unspecified] AndroidManifest.xml:31:13-96
	android:theme
		ADDED from [RangoliProject:facebook-android-sdk-4.17.0:unspecified] AndroidManifest.xml:32:13-63
	android:name
		ADDED from [RangoliProject:facebook-android-sdk-4.17.0:unspecified] AndroidManifest.xml:30:13-57
activity#com.facebook.CustomTabActivity
ADDED from [RangoliProject:facebook-android-sdk-4.17.0:unspecified] AndroidManifest.xml:33:9-36:20
	android:exported
		ADDED from [RangoliProject:facebook-android-sdk-4.17.0:unspecified] AndroidManifest.xml:35:13-36
	android:name
		ADDED from [RangoliProject:facebook-android-sdk-4.17.0:unspecified] AndroidManifest.xml:34:13-58
activity#com.facebook.CustomTabMainActivity
ADDED from [RangoliProject:facebook-android-sdk-4.17.0:unspecified] AndroidManifest.xml:37:9-71
	android:name
		ADDED from [RangoliProject:facebook-android-sdk-4.17.0:unspecified] AndroidManifest.xml:37:19-68